{
  "0 debug pnpm:scope": {
    "selected": 1
  },
  "1 error pnpm": {
    "code": "ELIFECYCLE",
    "errno": "ENOENT",
    "syscall": "spawn",
    "file": "sh",
    "pkgid": "muxi@0.0.0",
    "stage": "dev",
    "script": "vite",
    "pkgname": "muxi",
    "err": {
      "name": "pnpm",
      "message": "muxi@0.0.0 dev: `vite`\nspawn ENOENT",
      "code": "ELIFECYCLE",
      "stack": "pnpm: muxi@0.0.0 dev: `vite`\nspawn ENOENT\n    at ChildProcess.<anonymous> (/Users/lruler/pnpm-global/5/node_modules/.pnpm/pnpm@7.4.1/node_modules/pnpm/dist/pnpm.cjs:95159:22)\n    at ChildProcess.emit (node:events:520:28)\n    at maybeClose (node:internal/child_process:1092:16)\n    at Process.ChildProcess._handle.onexit (node:internal/child_process:302:5)"
    }
  },
  "2 warn pnpm:global": " Local package.json exists, but node_modules missing, did you mean to install?"
}